2025-12-23 10:34:11 - Search - INFO - Web Searcher initialized (max_results=20, return=5)
2025-12-23 10:34:14 - Search - INFO - Searching for: 'v= f+ fOle=9

@)
tab
°
er
=
s
=>

VI TICH PHAN
1'
2025-12-23 10:34:14 - Search - WARNING - No results on attempt 1
2025-12-23 10:34:18 - Search - INFO - Searching for: 'CONG TY CO PHAN THEP CONG HOA XA HOI CHU NGHIA VIET NAM

HOA PHAT DUNG QUAT Doc lap — Ty do — Hanh phiic
$6: 2373/2024/HPDQ-P.NS Quang Ngdi, ngay 27 thang 12 néim 2024
‘Vv thong tin tuyén dung

Kinh giti: Khoa Céng nghé vat liu — Dai hoc Bach khoa -Dai hoc Quéc gia TP. H6 Chi Minh

Léi dau tién, Cong ty Cé phan Thép Hoa Phat Dung | Quét (goi tt 14 Céng ty) tran
trong cam on Quy Don vi thdi gian qua da Iuén quan tam hd tro, déng hanh cing Cong ty
trong qué trinh tuyén dung va tao viéc lam cho sinh vién sau khi tt nghiép.

Sau gan tam nam ké tir ngay thanh lap, Cong ty Cé phan Thép Hoa Phat Dung Quat da
c6 hon 17.300 nh4n su dang lam viéc v6i thu nh4p én dinh. Trong nam 2025, dé d4p img nhu
cau san xuat va trién khai cdc dy an mé rong, Cong ty can tuyén dung trén 3.000 nhan sy voi
nhiéu nganh nghé, trink 46 chuyén mé6n (chi tiét tai Thong bao tuyén dung kém theo).

Nham dap tng nguén nhn le chat long cao lam viéc tai Cong ty, dong thdi tao co
hdi viéc lam cho sinh vién sau tét nghiép, bang cong van nay, Cong ty kinh a nghi Quy
Don vi tiép tuc hé try Céng ty trong viée chia sé va tuyén truyén thong tin tuyén dung, co
hi viéc lam tai Cong ty dén sinh vién qua Website, mang x4 hdi va cdc kénh théng tin khac
cua Quy Don vi.

Moi théng tin phan hdi va hé tro xin lién hé voi Cong ty qua:

Sé dién thoai: 02553.620.630 (Phim 1)

Dia chi Email: tuyendungdungquat@hoaphat.com.vn

R&t mong nh4n duge sw hé tro tir Quy Don vi.

Tran trong cam on./.'
2025-12-23 10:34:18 - Search - WARNING - No results on attempt 1
2025-12-23 10:34:21 - Search - INFO - Searching for: 'KHAO SAT NANG LUC LAP TRINH
Tan sinh vién - nam 2024

(Dé cé 11 trang 16 bai)'
2025-12-23 10:34:21 - Search - WARNING - No results on attempt 1
2025-12-23 10:51:57 - Search - INFO - Web Searcher initialized (max_results=20, return=5)
2025-12-23 10:51:58 - Search - INFO - Searching for: 'v= f+ fOle=9

@)
tab
°
er
=
s
=>

VI TICH PHAN
1'
2025-12-23 10:52:03 - Search - INFO - ✅ Found 5 URL(s)
2025-12-23 10:52:07 - Search - INFO - Searching for: 'CONG TY CO PHAN THEP CONG HOA XA HOI CHU NGHIA VIET NAM

HOA PHAT DUNG QUAT Doc lap — Ty do — Hanh phiic
$6: 2373/2024/HPDQ-P.NS Quang Ngdi, ngay 27 thang 12 néim 2024
‘Vv thong tin tuyén dung

Kinh giti: Khoa Céng nghé vat liu — Dai hoc Bach khoa -Dai hoc Quéc gia TP. H6 Chi Minh

Léi dau tién, Cong ty Cé phan Thép Hoa Phat Dung | Quét (goi tt 14 Céng ty) tran
trong cam on Quy Don vi thdi gian qua da Iuén quan tam hd tro, déng hanh cing Cong ty
trong qué trinh tuyén dung va tao viéc lam cho sinh vién sau khi tt nghiép.

Sau gan tam nam ké tir ngay thanh lap, Cong ty Cé phan Thép Hoa Phat Dung Quat da
c6 hon 17.300 nh4n su dang lam viéc v6i thu nh4p én dinh. Trong nam 2025, dé d4p img nhu
cau san xuat va trién khai cdc dy an mé rong, Cong ty can tuyén dung trén 3.000 nhan sy voi
nhiéu nganh nghé, trink 46 chuyén mé6n (chi tiét tai Thong bao tuyén dung kém theo).

Nham dap tng nguén nhn le chat long cao lam viéc tai Cong ty, dong thdi tao co
hdi viéc lam cho sinh vién sau tét nghiép, bang cong van nay, Cong ty kinh a nghi Quy
Don vi tiép tuc hé try Céng ty trong viée chia sé va tuyén truyén thong tin tuyén dung, co
hi viéc lam tai Cong ty dén sinh vién qua Website, mang x4 hdi va cdc kénh théng tin khac
cua Quy Don vi.

Moi théng tin phan hdi va hé tro xin lién hé voi Cong ty qua:

Sé dién thoai: 02553.620.630 (Phim 1)

Dia chi Email: tuyendungdungquat@hoaphat.com.vn

R&t mong nh4n duge sw hé tro tir Quy Don vi.

Tran trong cam on./.'
2025-12-23 10:52:12 - Search - INFO - ✅ Found 5 URL(s)
2025-12-23 10:52:15 - Search - INFO - Searching for: 'KHAO SAT NANG LUC LAP TRINH
Tan sinh vién - nam 2024

(Dé cé 11 trang 16 bai)'
2025-12-23 10:52:20 - Search - INFO - ✅ Found 1 URL(s)
2025-12-23 10:52:20 - Search - INFO - ⚠️ Only found 1/5 URLs
2025-12-23 10:58:17 - Search - INFO - Web Searcher initialized (max_results=20, return=5)
2025-12-23 10:58:18 - Search - INFO - Searching for: 'v= f+ fOle=9

@)
tab
°
er
=
s
=>

VI TICH PHAN
1'
2025-12-23 10:58:19 - Search - WARNING - No results on attempt 1
2025-12-23 10:58:22 - Search - INFO - Searching for: 'CONG TY CO PHAN THEP CONG HOA XA HOI CHU NGHIA VIET NAM

HOA PHAT DUNG QUAT Doc lap — Ty do — Hanh phiic
$6: 2373/2024/HPDQ-P.NS Quang Ngdi, ngay 27 thang 12 néim 2024
‘Vv thong tin tuyén dung

Kinh giti: Khoa Céng nghé vat liu — Dai hoc Bach khoa -Dai hoc Quéc gia TP. H6 Chi Minh

Léi dau tién, Cong ty Cé phan Thép Hoa Phat Dung | Quét (goi tt 14 Céng ty) tran
trong cam on Quy Don vi thdi gian qua da Iuén quan tam hd tro, déng hanh cing Cong ty
trong qué trinh tuyén dung va tao viéc lam cho sinh vién sau khi tt nghiép.

Sau gan tam nam ké tir ngay thanh lap, Cong ty Cé phan Thép Hoa Phat Dung Quat da
c6 hon 17.300 nh4n su dang lam viéc v6i thu nh4p én dinh. Trong nam 2025, dé d4p img nhu
cau san xuat va trién khai cdc dy an mé rong, Cong ty can tuyén dung trén 3.000 nhan sy voi
nhiéu nganh nghé, trink 46 chuyén mé6n (chi tiét tai Thong bao tuyén dung kém theo).

Nham dap tng nguén nhn le chat long cao lam viéc tai Cong ty, dong thdi tao co
hdi viéc lam cho sinh vién sau tét nghiép, bang cong van nay, Cong ty kinh a nghi Quy
Don vi tiép tuc hé try Céng ty trong viée chia sé va tuyén truyén thong tin tuyén dung, co
hi viéc lam tai Cong ty dén sinh vién qua Website, mang x4 hdi va cdc kénh théng tin khac
cua Quy Don vi.

Moi théng tin phan hdi va hé tro xin lién hé voi Cong ty qua:

Sé dién thoai: 02553.620.630 (Phim 1)

Dia chi Email: tuyendungdungquat@hoaphat.com.vn

R&t mong nh4n duge sw hé tro tir Quy Don vi.

Tran trong cam on./.'
2025-12-23 10:58:27 - Search - INFO - ✅ Found 5 URL(s)
2025-12-23 10:58:30 - Search - INFO - Searching for: 'KHAO SAT NANG LUC LAP TRINH
Tan sinh vién - nam 2024

(Dé cé 11 trang 16 bai)'
2025-12-23 10:58:30 - Search - WARNING - No results on attempt 1
2025-12-23 10:59:48 - Search - INFO - Web Searcher initialized (max_results=20, return=5)
2025-12-23 10:59:50 - Search - INFO - Searching for: 'v= f+ fOle=9

@)
tab
°
er
=
s
=>

VI TICH PHAN
1'
2025-12-23 10:59:55 - Search - INFO - ✅ Found 5 URL(s)
2025-12-23 10:59:59 - Search - INFO - Searching for: 'CONG TY CO PHAN THEP CONG HOA XA HOI CHU NGHIA VIET NAM

HOA PHAT DUNG QUAT Doc lap — Ty do — Hanh phiic
$6: 2373/2024/HPDQ-P.NS Quang Ngdi, ngay 27 thang 12 néim 2024
‘Vv thong tin tuyén dung

Kinh giti: Khoa Céng nghé vat liu — Dai hoc Bach khoa -Dai hoc Quéc gia TP. H6 Chi Minh

Léi dau tién, Cong ty Cé phan Thép Hoa Phat Dung | Quét (goi tt 14 Céng ty) tran
trong cam on Quy Don vi thdi gian qua da Iuén quan tam hd tro, déng hanh cing Cong ty
trong qué trinh tuyén dung va tao viéc lam cho sinh vién sau khi tt nghiép.

Sau gan tam nam ké tir ngay thanh lap, Cong ty Cé phan Thép Hoa Phat Dung Quat da
c6 hon 17.300 nh4n su dang lam viéc v6i thu nh4p én dinh. Trong nam 2025, dé d4p img nhu
cau san xuat va trién khai cdc dy an mé rong, Cong ty can tuyén dung trén 3.000 nhan sy voi
nhiéu nganh nghé, trink 46 chuyén mé6n (chi tiét tai Thong bao tuyén dung kém theo).

Nham dap tng nguén nhn le chat long cao lam viéc tai Cong ty, dong thdi tao co
hdi viéc lam cho sinh vién sau tét nghiép, bang cong van nay, Cong ty kinh a nghi Quy
Don vi tiép tuc hé try Céng ty trong viée chia sé va tuyén truyén thong tin tuyén dung, co
hi viéc lam tai Cong ty dén sinh vién qua Website, mang x4 hdi va cdc kénh théng tin khac
cua Quy Don vi.

Moi théng tin phan hdi va hé tro xin lién hé voi Cong ty qua:

Sé dién thoai: 02553.620.630 (Phim 1)

Dia chi Email: tuyendungdungquat@hoaphat.com.vn

R&t mong nh4n duge sw hé tro tir Quy Don vi.

Tran trong cam on./.'
2025-12-23 11:00:02 - Search - INFO - ✅ Found 5 URL(s)
2025-12-23 11:00:04 - Search - INFO - Searching for: 'KHAO SAT NANG LUC LAP TRINH
Tan sinh vién - nam 2024

(Dé cé 11 trang 16 bai)'
2025-12-23 11:00:09 - Search - INFO - ✅ Found 1 URL(s)
2025-12-23 11:00:09 - Search - INFO - ⚠️ Only found 1/5 URLs
2025-12-23 11:00:21 - Search - INFO - Web Searcher initialized (max_results=20, return=5)
2025-12-23 11:00:22 - Search - INFO - Searching for: 'v= f+ fOle=9

@)
tab
°
er
=
s
=>

VI TICH PHAN
1'
2025-12-23 11:00:23 - Search - WARNING - No results on attempt 1
2025-12-23 11:00:27 - Search - INFO - Searching for: 'CONG TY CO PHAN THEP CONG HOA XA HOI CHU NGHIA VIET NAM

HOA PHAT DUNG QUAT Doc lap — Ty do — Hanh phiic
$6: 2373/2024/HPDQ-P.NS Quang Ngdi, ngay 27 thang 12 néim 2024
‘Vv thong tin tuyén dung

Kinh giti: Khoa Céng nghé vat liu — Dai hoc Bach khoa -Dai hoc Quéc gia TP. H6 Chi Minh

Léi dau tién, Cong ty Cé phan Thép Hoa Phat Dung | Quét (goi tt 14 Céng ty) tran
trong cam on Quy Don vi thdi gian qua da Iuén quan tam hd tro, déng hanh cing Cong ty
trong qué trinh tuyén dung va tao viéc lam cho sinh vién sau khi tt nghiép.

Sau gan tam nam ké tir ngay thanh lap, Cong ty Cé phan Thép Hoa Phat Dung Quat da
c6 hon 17.300 nh4n su dang lam viéc v6i thu nh4p én dinh. Trong nam 2025, dé d4p img nhu
cau san xuat va trién khai cdc dy an mé rong, Cong ty can tuyén dung trén 3.000 nhan sy voi
nhiéu nganh nghé, trink 46 chuyén mé6n (chi tiét tai Thong bao tuyén dung kém theo).

Nham dap tng nguén nhn le chat long cao lam viéc tai Cong ty, dong thdi tao co
hdi viéc lam cho sinh vién sau tét nghiép, bang cong van nay, Cong ty kinh a nghi Quy
Don vi tiép tuc hé try Céng ty trong viée chia sé va tuyén truyén thong tin tuyén dung, co
hi viéc lam tai Cong ty dén sinh vién qua Website, mang x4 hdi va cdc kénh théng tin khac
cua Quy Don vi.

Moi théng tin phan hdi va hé tro xin lién hé voi Cong ty qua:

Sé dién thoai: 02553.620.630 (Phim 1)

Dia chi Email: tuyendungdungquat@hoaphat.com.vn

R&t mong nh4n duge sw hé tro tir Quy Don vi.

Tran trong cam on./.'
2025-12-23 11:00:31 - Search - INFO - ✅ Found 5 URL(s)
2025-12-23 11:00:34 - Search - INFO - Searching for: 'KHAO SAT NANG LUC LAP TRINH
Tan sinh vién - nam 2024

(Dé cé 11 trang 16 bai)'
2025-12-23 11:00:34 - Search - WARNING - No results on attempt 1
2025-12-23 11:04:05 - Search - INFO - Web Searcher initialized (max_results=20, return=5)
2025-12-23 11:04:07 - Search - INFO - Searching for: '9 2 ch a er s VI TICH PHAN 1'
2025-12-23 11:04:10 - Search - INFO - ✅ Found 5 URL(s)
2025-12-23 11:04:14 - Search - INFO - Searching for: 'CÔNG TY CO PHAN THÉP CONG HÒA XA HOI CHỦ NGHĨA VIỆT NAM HOA PHAT DUNG QUAT Độc lập Tự do Hạnh phúc S'
2025-12-23 11:04:15 - Search - INFO - ✅ Found 5 URL(s)
2025-12-23 11:04:17 - Search - INFO - Searching for: 'KHẢO SÁT NĂNG LỰC LẬP TRÌNH Tan sinh viên - năm 2024 Đề có 11 trang 16 bài'
2025-12-23 11:04:20 - Search - INFO - ✅ Found 5 URL(s)
2025-12-23 11:20:39 - Search - INFO - Web Searcher initialized (max_results=20, return=5)
2025-12-23 11:20:41 - Search - INFO - Searching for: 'A or _ QC KHO lo 4 Khoa Toán - Tin học ĐHQG-HCM Fac of Math Computer Science Bộ môn Giải tích VI TÍC'
2025-12-23 11:20:43 - Search - INFO - ✅ Found 5 URL(s)
2025-12-23 11:20:47 - Search - INFO - Searching for: 'CÔNG TY CỎ PHÀN THÉP CỌNG HÒA XÃ HỘI CHỦ NGHĨA VIỆT NAM HÒA PHÁT DUNG QUÁT Độc lập Tự do - Hạnh phúc'
2025-12-23 11:20:48 - Search - INFO - ✅ Found 5 URL(s)
2025-12-23 11:20:51 - Search - INFO - Searching for: 'c KHo org N a Q aA G àb la 2 k2 RG KHAO SAT NANG LUC LAP TRINH Tan sinh viên - nam 2024 Dé cả LÍ tra'
2025-12-23 11:20:54 - Search - INFO - ✅ Found 5 URL(s)
2025-12-23 11:29:09 - Search - INFO - Web Searcher initialized (max_results=20, return=5)
2025-12-23 11:29:10 - Search - INFO - Searching for: 'A or _ QC KHO lo 4 Khoa Toán - Tin học ĐHQG-HCM Fac of Math Computer Science Bộ môn Giải tích VI TÍC'
2025-12-23 11:29:17 - Search - INFO - ✅ Found 5 URL(s)
2025-12-23 11:29:21 - Search - INFO - Searching for: 'CÔNG TY CỎ PHÀN THÉP CỌNG HÒA XÃ HỘI CHỦ NGHĨA VIỆT NAM HÒA PHÁT DUNG QUÁT Độc lập Tự do - Hạnh phúc'
2025-12-23 11:29:24 - Search - INFO - ✅ Found 5 URL(s)
2025-12-23 11:29:26 - Search - INFO - Searching for: 'c KHo org N a Q aA G àb la 2 k2 RG KHAO SAT NANG LUC LAP TRINH Tan sinh viên - nam 2024 Dé cả LÍ tra'
2025-12-23 11:29:29 - Search - INFO - ✅ Found 5 URL(s)
